[debug] [2022-08-31T18:46:41.661Z] ----------------------------------------------------------------------
[debug] [2022-08-31T18:46:41.665Z] Command:       C:\Program Files\nodejs\node.exe C:\Users\nicor\AppData\Roaming\npm\node_modules\firebase-tools\lib\bin\firebase.js deploy
[debug] [2022-08-31T18:46:41.665Z] CLI Version:   11.7.0
[debug] [2022-08-31T18:46:41.666Z] Platform:      win32
[debug] [2022-08-31T18:46:41.666Z] Node Version:  v16.15.1
[debug] [2022-08-31T18:46:41.667Z] Time:          Wed Aug 31 2022 15:46:41 GMT-0300 (hora estándar de Argentina)
[debug] [2022-08-31T18:46:41.668Z] ----------------------------------------------------------------------
[debug] 
[debug] [2022-08-31T18:46:41.775Z] > command requires scopes: ["email","openid","https://www.googleapis.com/auth/cloudplatformprojects.readonly","https://www.googleapis.com/auth/firebase","https://www.googleapis.com/auth/cloud-platform"]
[debug] [2022-08-31T18:46:41.776Z] > authorizing via signed-in user (nicoriuki@gmail.com)
[debug] [2022-08-31T18:46:41.777Z] [iam] checking project vinoteca-coder for permissions ["firebase.projects.get","firebasehosting.sites.update"]
[debug] [2022-08-31T18:46:41.782Z] >>> [apiv2][query] POST https://cloudresourcemanager.googleapis.com/v1/projects/vinoteca-coder:testIamPermissions [none]
[debug] [2022-08-31T18:46:41.782Z] >>> [apiv2][(partial)header] POST https://cloudresourcemanager.googleapis.com/v1/projects/vinoteca-coder:testIamPermissions x-goog-quota-user=projects/vinoteca-coder
[debug] [2022-08-31T18:46:41.783Z] >>> [apiv2][body] POST https://cloudresourcemanager.googleapis.com/v1/projects/vinoteca-coder:testIamPermissions {"permissions":["firebase.projects.get","firebasehosting.sites.update"]}
[debug] [2022-08-31T18:46:42.727Z] <<< [apiv2][status] POST https://cloudresourcemanager.googleapis.com/v1/projects/vinoteca-coder:testIamPermissions 200
[debug] [2022-08-31T18:46:42.727Z] <<< [apiv2][body] POST https://cloudresourcemanager.googleapis.com/v1/projects/vinoteca-coder:testIamPermissions {"permissions":["firebase.projects.get","firebasehosting.sites.update"]}
[debug] [2022-08-31T18:46:42.729Z] >>> [apiv2][query] GET https://firebase.googleapis.com/v1beta1/projects/vinoteca-coder [none]
[debug] [2022-08-31T18:46:43.143Z] <<< [apiv2][status] GET https://firebase.googleapis.com/v1beta1/projects/vinoteca-coder 200
[debug] [2022-08-31T18:46:43.144Z] <<< [apiv2][body] GET https://firebase.googleapis.com/v1beta1/projects/vinoteca-coder {"projectId":"vinoteca-coder","projectNumber":"560076484863","displayName":"vinoteca","name":"projects/vinoteca-coder","resources":{"hostingSite":"vinoteca-coder","storageBucket":"vinoteca-coder.appspot.com","locationId":"us-central"},"state":"ACTIVE","etag":"1_854fd3e0-57fe-4610-86d4-0ac3c238e4ff"}
[info] 
[info] === Deploying to 'vinoteca-coder'...
[info] 
[info] i  deploying hosting 
[debug] [2022-08-31T18:46:43.148Z] >>> [apiv2][query] GET https://firebase.googleapis.com/v1beta1/projects/vinoteca-coder [none]
[debug] [2022-08-31T18:46:43.534Z] <<< [apiv2][status] GET https://firebase.googleapis.com/v1beta1/projects/vinoteca-coder 200
[debug] [2022-08-31T18:46:43.534Z] <<< [apiv2][body] GET https://firebase.googleapis.com/v1beta1/projects/vinoteca-coder {"projectId":"vinoteca-coder","projectNumber":"560076484863","displayName":"vinoteca","name":"projects/vinoteca-coder","resources":{"hostingSite":"vinoteca-coder","storageBucket":"vinoteca-coder.appspot.com","locationId":"us-central"},"state":"ACTIVE","etag":"1_854fd3e0-57fe-4610-86d4-0ac3c238e4ff"}
[debug] [2022-08-31T18:46:43.537Z] >>> [apiv2][query] POST https://firebasehosting.googleapis.com/v1beta1/projects/560076484863/sites/vinoteca-coder/versions [none]
[debug] [2022-08-31T18:46:43.538Z] >>> [apiv2][body] POST https://firebasehosting.googleapis.com/v1beta1/projects/560076484863/sites/vinoteca-coder/versions {"config":{"rewrites":[{"glob":"**","path":"/index.html"}]},"labels":{"deployment-tool":"cli-firebase"}}
